<?xml version="1.0" encoding="UTF-8"?>
<!-- Generated by org.testng.reporters.JUnitXMLReporter -->
<testsuite ignored="0" hostname="LATAM-4T61GG3" failures="0" tests="3" name="pixel_c" time="41.793" errors="0" timestamp="2022-10-25T11:00:28 COT">
  <testcase classname="com.qa.runners.RunnerBase" name="scenario" time="8.225"/>
  <testcase classname="com.qa.runners.RunnerBase" name="scenario" time="8.358"/>
  <testcase classname="com.qa.runners.RunnerBase" name="scenario" time="9.514"/>
</testsuite> <!-- pixel_c -->
