<?xml version="1.0" encoding="UTF-8"?>
<!-- Generated by org.testng.reporters.JUnitXMLReporter -->
<testsuite ignored="0" hostname="LATAM-4T61GG3" failures="0" tests="3" name="pixel_5" time="40.869" errors="0" timestamp="2022-10-25T11:00:27 COT">
  <testcase classname="com.qa.runners.RunnerBase" name="scenario" time="8.119"/>
  <testcase classname="com.qa.runners.RunnerBase" name="scenario" time="8.117"/>
  <testcase classname="com.qa.runners.RunnerBase" name="scenario" time="7.734"/>
</testsuite> <!-- pixel_5 -->
