<?xml version="1.0" encoding="UTF-8"?>
<testng-results ignored="0" total="6" passed="6" failed="0" skipped="0">
  <reporter-output>
  </reporter-output>
  <suite started-at="2022-10-25T10:59:46 COT" name="Suite" finished-at="2022-10-25T11:00:28 COT" duration-ms="41793">
    <groups>
      <group name="cucumber">
        <method signature="RunnerBase.scenario(io.cucumber.testng.PickleWrapper,io.cucumber.testng.FeatureWrapper)[pri:0, instance:com.qa.runners.MyPixelCTestNGRunnerTest@1b1426f4]" name="scenario" class="com.qa.runners.RunnerBase"/>
        <method signature="RunnerBase.scenario(io.cucumber.testng.PickleWrapper,io.cucumber.testng.FeatureWrapper)[pri:0, instance:com.qa.runners.MyPixel5TestNGRunnerTest@58695725]" name="scenario" class="com.qa.runners.RunnerBase"/>
      </group> <!-- cucumber -->
    </groups>
    <test started-at="2022-10-25T10:59:46 COT" name="pixel_5" finished-at="2022-10-25T11:00:27 COT" duration-ms="40869">
      <class name="com.qa.runners.MyPixel5TestNGRunnerTest">
        <test-method is-config="true" signature="setUpClass(java.lang.String,java.lang.String,java.lang.String,java.lang.String,java.lang.String,java.lang.String,java.lang.String)[pri:0, instance:com.qa.runners.MyPixel5TestNGRunnerTest@58695725]" started-at="2022-10-25T10:59:46 COT" name="setUpClass" finished-at="2022-10-25T11:00:01 COT" duration-ms="14577" status="PASS">
          <params>
            <param index="0">
              <value>
                <![CDATA[Android]]>
              </value>
            </param>
            <param index="1">
              <value>
                <![CDATA[emulator-5556]]>
              </value>
            </param>
            <param index="2">
              <value>
                <![CDATA[pixel_5]]>
              </value>
            </param>
            <param index="3">
              <value>
                <![CDATA[10001]]>
              </value>
            </param>
            <param index="4">
              <value>
                <![CDATA[11001]]>
              </value>
            </param>
            <param index="5">
              <value>
                <![CDATA[iOS]]>
              </value>
            </param>
            <param index="6">
              <value>
                <![CDATA[iOS]]>
              </value>
            </param>
          </params>
          <reporter-output>
          </reporter-output>
        </test-method> <!-- setUpClass -->
        <test-method signature="scenario(io.cucumber.testng.PickleWrapper,io.cucumber.testng.FeatureWrapper)[pri:0, instance:com.qa.runners.MyPixel5TestNGRunnerTest@58695725]" started-at="2022-10-25T11:00:01 COT" name="scenario" description="Runs Cucumber Scenarios" data-provider="scenarios" finished-at="2022-10-25T11:00:09 COT" duration-ms="8119" status="PASS">
          <params>
            <param index="0">
              <value>
                <![CDATA["Login with invalid user name"]]>
              </value>
            </param>
            <param index="1">
              <value>
                <![CDATA["Optional[Login scenarios]"]]>
              </value>
            </param>
          </params>
          <reporter-output>
          </reporter-output>
        </test-method> <!-- scenario -->
        <test-method signature="scenario(io.cucumber.testng.PickleWrapper,io.cucumber.testng.FeatureWrapper)[pri:0, instance:com.qa.runners.MyPixel5TestNGRunnerTest@58695725]" started-at="2022-10-25T11:00:09 COT" name="scenario" description="Runs Cucumber Scenarios" data-provider="scenarios" finished-at="2022-10-25T11:00:17 COT" duration-ms="8117" status="PASS">
          <params>
            <param index="0">
              <value>
                <![CDATA["Login with invalid password"]]>
              </value>
            </param>
            <param index="1">
              <value>
                <![CDATA["Optional[Login scenarios]"]]>
              </value>
            </param>
          </params>
          <reporter-output>
          </reporter-output>
        </test-method> <!-- scenario -->
        <test-method signature="scenario(io.cucumber.testng.PickleWrapper,io.cucumber.testng.FeatureWrapper)[pri:0, instance:com.qa.runners.MyPixel5TestNGRunnerTest@58695725]" started-at="2022-10-25T11:00:17 COT" name="scenario" description="Runs Cucumber Scenarios" data-provider="scenarios" finished-at="2022-10-25T11:00:25 COT" duration-ms="7734" status="PASS">
          <params>
            <param index="0">
              <value>
                <![CDATA["Login with valid user name and password"]]>
              </value>
            </param>
            <param index="1">
              <value>
                <![CDATA["Optional[Login scenarios]"]]>
              </value>
            </param>
          </params>
          <reporter-output>
          </reporter-output>
        </test-method> <!-- scenario -->
        <test-method is-config="true" signature="tearDownClass()[pri:0, instance:com.qa.runners.MyPixel5TestNGRunnerTest@58695725]" started-at="2022-10-25T11:00:25 COT" name="tearDownClass" finished-at="2022-10-25T11:00:27 COT" duration-ms="1986" status="PASS">
          <reporter-output>
          </reporter-output>
        </test-method> <!-- tearDownClass -->
      </class> <!-- com.qa.runners.MyPixel5TestNGRunnerTest -->
    </test> <!-- pixel_5 -->
    <test started-at="2022-10-25T10:59:46 COT" name="pixel_c" finished-at="2022-10-25T11:00:28 COT" duration-ms="41793">
      <class name="com.qa.runners.MyPixelCTestNGRunnerTest">
        <test-method is-config="true" signature="setUpClass(java.lang.String,java.lang.String,java.lang.String,java.lang.String,java.lang.String,java.lang.String,java.lang.String)[pri:0, instance:com.qa.runners.MyPixelCTestNGRunnerTest@1b1426f4]" started-at="2022-10-25T10:59:46 COT" name="setUpClass" finished-at="2022-10-25T11:00:01 COT" duration-ms="14577" status="PASS">
          <params>
            <param index="0">
              <value>
                <![CDATA[Android]]>
              </value>
            </param>
            <param index="1">
              <value>
                <![CDATA[emulator-5554]]>
              </value>
            </param>
            <param index="2">
              <value>
                <![CDATA[pixel_c]]>
              </value>
            </param>
            <param index="3">
              <value>
                <![CDATA[10000]]>
              </value>
            </param>
            <param index="4">
              <value>
                <![CDATA[11000]]>
              </value>
            </param>
            <param index="5">
              <value>
                <![CDATA[iOS]]>
              </value>
            </param>
            <param index="6">
              <value>
                <![CDATA[iOS]]>
              </value>
            </param>
          </params>
          <reporter-output>
          </reporter-output>
        </test-method> <!-- setUpClass -->
        <test-method signature="scenario(io.cucumber.testng.PickleWrapper,io.cucumber.testng.FeatureWrapper)[pri:0, instance:com.qa.runners.MyPixelCTestNGRunnerTest@1b1426f4]" started-at="2022-10-25T11:00:01 COT" name="scenario" description="Runs Cucumber Scenarios" data-provider="scenarios" finished-at="2022-10-25T11:00:09 COT" duration-ms="8225" status="PASS">
          <params>
            <param index="0">
              <value>
                <![CDATA["Login with invalid user name"]]>
              </value>
            </param>
            <param index="1">
              <value>
                <![CDATA["Optional[Login scenarios]"]]>
              </value>
            </param>
          </params>
          <reporter-output>
          </reporter-output>
        </test-method> <!-- scenario -->
        <test-method signature="scenario(io.cucumber.testng.PickleWrapper,io.cucumber.testng.FeatureWrapper)[pri:0, instance:com.qa.runners.MyPixelCTestNGRunnerTest@1b1426f4]" started-at="2022-10-25T11:00:09 COT" name="scenario" description="Runs Cucumber Scenarios" data-provider="scenarios" finished-at="2022-10-25T11:00:17 COT" duration-ms="8358" status="PASS">
          <params>
            <param index="0">
              <value>
                <![CDATA["Login with invalid password"]]>
              </value>
            </param>
            <param index="1">
              <value>
                <![CDATA["Optional[Login scenarios]"]]>
              </value>
            </param>
          </params>
          <reporter-output>
          </reporter-output>
        </test-method> <!-- scenario -->
        <test-method signature="scenario(io.cucumber.testng.PickleWrapper,io.cucumber.testng.FeatureWrapper)[pri:0, instance:com.qa.runners.MyPixelCTestNGRunnerTest@1b1426f4]" started-at="2022-10-25T11:00:17 COT" name="scenario" description="Runs Cucumber Scenarios" data-provider="scenarios" finished-at="2022-10-25T11:00:27 COT" duration-ms="9514" status="PASS">
          <params>
            <param index="0">
              <value>
                <![CDATA["Login with valid user name and password"]]>
              </value>
            </param>
            <param index="1">
              <value>
                <![CDATA["Optional[Login scenarios]"]]>
              </value>
            </param>
          </params>
          <reporter-output>
          </reporter-output>
        </test-method> <!-- scenario -->
        <test-method is-config="true" signature="tearDownClass()[pri:0, instance:com.qa.runners.MyPixelCTestNGRunnerTest@1b1426f4]" started-at="2022-10-25T11:00:27 COT" name="tearDownClass" finished-at="2022-10-25T11:00:28 COT" duration-ms="733" status="PASS">
          <reporter-output>
          </reporter-output>
        </test-method> <!-- tearDownClass -->
      </class> <!-- com.qa.runners.MyPixelCTestNGRunnerTest -->
    </test> <!-- pixel_c -->
  </suite> <!-- Suite -->
</testng-results>
